2018-01-17 11:47:33,043 [main] INFO  [org.springframework.test.context.support.DefaultTestContextBootstrapper] - Loaded default TestExecutionListener class names from location [META-INF/spring.factories]: [org.springframework.test.context.web.ServletTestExecutionListener, org.springframework.test.context.support.DirtiesContextBeforeModesTestExecutionListener, org.springframework.test.context.support.DependencyInjectionTestExecutionListener, org.springframework.test.context.support.DirtiesContextTestExecutionListener, org.springframework.test.context.transaction.TransactionalTestExecutionListener, org.springframework.test.context.jdbc.SqlScriptsTestExecutionListener]
2018-01-17 11:47:33,096 [main] INFO  [org.springframework.test.context.support.DefaultTestContextBootstrapper] - Using TestExecutionListeners: [org.springframework.test.context.web.ServletTestExecutionListener@403d0d64, org.springframework.test.context.support.DirtiesContextBeforeModesTestExecutionListener@683a412e, org.springframework.test.context.support.DependencyInjectionTestExecutionListener@488d6877, org.springframework.test.context.support.DirtiesContextTestExecutionListener@3bc581d7, org.springframework.test.context.transaction.TransactionalTestExecutionListener@23cf68e9, org.springframework.test.context.jdbc.SqlScriptsTestExecutionListener@5f0ab5d]
2018-01-17 11:47:33,301 [main] INFO  [org.springframework.beans.factory.xml.XmlBeanDefinitionReader] - Loading XML bean definitions from class path resource [spring.xml]
2018-01-17 11:47:33,710 [main] INFO  [org.springframework.beans.factory.xml.XmlBeanDefinitionReader] - Loading XML bean definitions from class path resource [spring-mybatis.xml]
2018-01-17 11:47:34,137 [main] INFO  [org.springframework.beans.factory.xml.XmlBeanDefinitionReader] - Loading XML bean definitions from class path resource [spring-shiro.xml]
2018-01-17 11:47:34,220 [main] INFO  [org.springframework.beans.factory.xml.XmlBeanDefinitionReader] - Loading XML bean definitions from class path resource [spring-cache.xml]
2018-01-17 11:47:34,262 [main] INFO  [org.springframework.context.support.GenericApplicationContext] - Refreshing org.springframework.context.support.GenericApplicationContext@222e2517: startup date [Wed Jan 17 11:47:34 CST 2018]; root of context hierarchy
2018-01-17 11:47:34,962 [main] INFO  [org.springframework.beans.factory.config.PropertyPlaceholderConfigurer] - Loading properties file from class path resource [jdbc.properties]
2018-01-17 11:47:34,963 [main] INFO  [org.springframework.beans.factory.config.PropertyPlaceholderConfigurer] - Loading properties file from class path resource [config.properties]
2018-01-17 11:47:34,964 [main] INFO  [org.springframework.beans.factory.config.PropertyPlaceholderConfigurer] - Loading properties file from class path resource [shiro-config.properties]
2018-01-17 11:47:34,978 [main] INFO  [org.springframework.beans.factory.annotation.AutowiredAnnotationBeanPostProcessor] - JSR-330 'javax.inject.Inject' annotation found and supported for autowiring
2018-01-17 11:47:35,094 [main] INFO  [org.springframework.context.support.PostProcessorRegistrationDelegate$BeanPostProcessorChecker] - Bean 'org.springframework.aop.support.DefaultBeanFactoryPointcutAdvisor#0' of type [class org.springframework.aop.support.DefaultBeanFactoryPointcutAdvisor] is not eligible for getting processed by all BeanPostProcessors (for example: not eligible for auto-proxying)
2018-01-17 11:47:35,892 [main] INFO  [org.springframework.context.support.PostProcessorRegistrationDelegate$BeanPostProcessorChecker] - Bean 'org.springframework.beans.factory.config.MethodInvokingFactoryBean#0' of type [class org.springframework.beans.factory.config.MethodInvokingFactoryBean] is not eligible for getting processed by all BeanPostProcessors (for example: not eligible for auto-proxying)
2018-01-17 11:47:35,961 [main] INFO  [org.springframework.context.support.PostProcessorRegistrationDelegate$BeanPostProcessorChecker] - Bean 'jedisPoolConfig' of type [class redis.clients.jedis.JedisPoolConfig] is not eligible for getting processed by all BeanPostProcessors (for example: not eligible for auto-proxying)
2018-01-17 11:47:36,149 [main] INFO  [org.springframework.context.support.PostProcessorRegistrationDelegate$BeanPostProcessorChecker] - Bean 'jedisPool' of type [class redis.clients.jedis.JedisPool] is not eligible for getting processed by all BeanPostProcessors (for example: not eligible for auto-proxying)
2018-01-17 11:47:36,161 [main] INFO  [org.springframework.context.support.PostProcessorRegistrationDelegate$BeanPostProcessorChecker] - Bean 'jedisManager' of type [class com.mall.core.shiro.cache.JedisManager] is not eligible for getting processed by all BeanPostProcessors (for example: not eligible for auto-proxying)
2018-01-17 11:47:36,165 [main] INFO  [org.springframework.context.support.PostProcessorRegistrationDelegate$BeanPostProcessorChecker] - Bean 'jedisShiroSessionRepository' of type [class com.mall.core.shiro.cache.JedisShiroSessionRepository] is not eligible for getting processed by all BeanPostProcessors (for example: not eligible for auto-proxying)
2018-01-17 11:47:36,175 [main] INFO  [org.springframework.context.support.PostProcessorRegistrationDelegate$BeanPostProcessorChecker] - Bean 'org.springframework.beans.factory.config.MethodInvokingFactoryBean#1' of type [class org.springframework.beans.factory.config.MethodInvokingFactoryBean] is not eligible for getting processed by all BeanPostProcessors (for example: not eligible for auto-proxying)
2018-01-17 11:47:36,431 [main] INFO  [org.springframework.context.support.PostProcessorRegistrationDelegate$BeanPostProcessorChecker] - Bean 'log-filter' of type [class com.alibaba.druid.filter.logging.Log4jFilter] is not eligible for getting processed by all BeanPostProcessors (for example: not eligible for auto-proxying)
2018-01-17 11:47:38,105 [main] INFO  [com.alibaba.druid.pool.DruidDataSource] - {dataSource-1} inited
2018-01-17 11:47:38,106 [main] INFO  [org.springframework.context.support.PostProcessorRegistrationDelegate$BeanPostProcessorChecker] - Bean 'dataSource' of type [class com.alibaba.druid.pool.DruidDataSource] is not eligible for getting processed by all BeanPostProcessors (for example: not eligible for auto-proxying)
2018-01-17 11:47:38,912 [main] INFO  [org.springframework.context.support.PostProcessorRegistrationDelegate$BeanPostProcessorChecker] - Bean 'sqlSessionFactory' of type [class org.mybatis.spring.SqlSessionFactoryBean] is not eligible for getting processed by all BeanPostProcessors (for example: not eligible for auto-proxying)
2018-01-17 11:47:38,917 [main] INFO  [org.springframework.context.support.PostProcessorRegistrationDelegate$BeanPostProcessorChecker] - Bean 'sqlSessionFactory' of type [class org.apache.ibatis.session.defaults.DefaultSqlSessionFactory] is not eligible for getting processed by all BeanPostProcessors (for example: not eligible for auto-proxying)
2018-01-17 11:47:38,934 [main] INFO  [org.springframework.context.support.PostProcessorRegistrationDelegate$BeanPostProcessorChecker] - Bean 'sqlSessionTemplate' of type [class org.mybatis.spring.SqlSessionTemplate] is not eligible for getting processed by all BeanPostProcessors (for example: not eligible for auto-proxying)
2018-01-17 11:47:38,941 [main] INFO  [org.springframework.context.support.PostProcessorRegistrationDelegate$BeanPostProcessorChecker] - Bean 'UUserRoleMapper' of type [class org.mybatis.spring.mapper.MapperFactoryBean] is not eligible for getting processed by all BeanPostProcessors (for example: not eligible for auto-proxying)
2018-01-17 11:47:38,942 [main] INFO  [org.springframework.context.support.PostProcessorRegistrationDelegate$BeanPostProcessorChecker] - Bean 'UUserMapper' of type [class org.mybatis.spring.mapper.MapperFactoryBean] is not eligible for getting processed by all BeanPostProcessors (for example: not eligible for auto-proxying)
2018-01-17 11:47:38,943 [main] INFO  [org.springframework.context.support.PostProcessorRegistrationDelegate$BeanPostProcessorChecker] - Bean 'URolePermissionMapper' of type [class org.mybatis.spring.mapper.MapperFactoryBean] is not eligible for getting processed by all BeanPostProcessors (for example: not eligible for auto-proxying)
2018-01-17 11:47:38,944 [main] INFO  [org.springframework.context.support.PostProcessorRegistrationDelegate$BeanPostProcessorChecker] - Bean 'URoleMapper' of type [class org.mybatis.spring.mapper.MapperFactoryBean] is not eligible for getting processed by all BeanPostProcessors (for example: not eligible for auto-proxying)
2018-01-17 11:47:38,945 [main] INFO  [org.springframework.context.support.PostProcessorRegistrationDelegate$BeanPostProcessorChecker] - Bean 'UPermissionMapper' of type [class org.mybatis.spring.mapper.MapperFactoryBean] is not eligible for getting processed by all BeanPostProcessors (for example: not eligible for auto-proxying)
2018-01-17 11:47:38,999 [main] INFO  [org.springframework.context.support.PostProcessorRegistrationDelegate$BeanPostProcessorChecker] - Bean 'sessionIdGenerator' of type [class org.apache.shiro.session.mgt.eis.JavaUuidSessionIdGenerator] is not eligible for getting processed by all BeanPostProcessors (for example: not eligible for auto-proxying)
2018-01-17 11:47:39,001 [main] INFO  [org.springframework.context.support.PostProcessorRegistrationDelegate$BeanPostProcessorChecker] - Bean 'customShiroSessionDAO' of type [class com.mall.core.shiro.CustomShiroSessionDAO] is not eligible for getting processed by all BeanPostProcessors (for example: not eligible for auto-proxying)
2018-01-17 11:47:39,005 [main] INFO  [org.springframework.context.support.PostProcessorRegistrationDelegate$BeanPostProcessorChecker] - Bean 'customSessionManager' of type [class com.mall.core.shiro.session.CustomSessionManager] is not eligible for getting processed by all BeanPostProcessors (for example: not eligible for auto-proxying)
2018-01-17 11:47:39,015 [main] INFO  [org.springframework.context.support.PostProcessorRegistrationDelegate$BeanPostProcessorChecker] - Bean 'UUserMapper' of type [class com.sun.proxy.$Proxy17] is not eligible for getting processed by all BeanPostProcessors (for example: not eligible for auto-proxying)
2018-01-17 11:47:39,026 [main] INFO  [org.springframework.context.support.PostProcessorRegistrationDelegate$BeanPostProcessorChecker] - Bean 'UUserRoleMapper' of type [class com.sun.proxy.$Proxy18] is not eligible for getting processed by all BeanPostProcessors (for example: not eligible for auto-proxying)
2018-01-17 11:47:39,030 [main] INFO  [org.springframework.context.support.PostProcessorRegistrationDelegate$BeanPostProcessorChecker] - Bean 'UUserServiceImpl' of type [class com.mall.user.service.impl.UUserServiceImpl] is not eligible for getting processed by all BeanPostProcessors (for example: not eligible for auto-proxying)
2018-01-17 11:47:39,059 [main] INFO  [org.springframework.context.support.PostProcessorRegistrationDelegate$BeanPostProcessorChecker] - Bean 'transactionManager' of type [class org.springframework.jdbc.datasource.DataSourceTransactionManager] is not eligible for getting processed by all BeanPostProcessors (for example: not eligible for auto-proxying)
2018-01-17 11:47:39,072 [main] INFO  [org.springframework.context.support.PostProcessorRegistrationDelegate$BeanPostProcessorChecker] - Bean '(inner bean)#d52c7d0' of type [class org.springframework.transaction.interceptor.NameMatchTransactionAttributeSource] is not eligible for getting processed by all BeanPostProcessors (for example: not eligible for auto-proxying)
2018-01-17 11:47:39,074 [main] INFO  [org.springframework.context.support.PostProcessorRegistrationDelegate$BeanPostProcessorChecker] - Bean 'txAdvice' of type [class org.springframework.transaction.interceptor.TransactionInterceptor] is not eligible for getting processed by all BeanPostProcessors (for example: not eligible for auto-proxying)
2018-01-17 11:47:39,131 [main] INFO  [org.springframework.context.support.PostProcessorRegistrationDelegate$BeanPostProcessorChecker] - Bean 'UPermissionMapper' of type [class com.sun.proxy.$Proxy21] is not eligible for getting processed by all BeanPostProcessors (for example: not eligible for auto-proxying)
2018-01-17 11:47:39,146 [main] INFO  [org.springframework.context.support.PostProcessorRegistrationDelegate$BeanPostProcessorChecker] - Bean 'URolePermissionMapper' of type [class com.sun.proxy.$Proxy22] is not eligible for getting processed by all BeanPostProcessors (for example: not eligible for auto-proxying)
2018-01-17 11:47:39,154 [main] INFO  [org.springframework.context.support.PostProcessorRegistrationDelegate$BeanPostProcessorChecker] - Bean 'permissionServiceImpl' of type [class com.mall.permission.service.impl.PermissionServiceImpl] is not eligible for getting processed by all BeanPostProcessors (for example: not eligible for auto-proxying)
2018-01-17 11:47:39,182 [main] INFO  [org.springframework.context.support.PostProcessorRegistrationDelegate$BeanPostProcessorChecker] - Bean 'URoleMapper' of type [class com.sun.proxy.$Proxy24] is not eligible for getting processed by all BeanPostProcessors (for example: not eligible for auto-proxying)
2018-01-17 11:47:39,187 [main] INFO  [org.springframework.context.support.PostProcessorRegistrationDelegate$BeanPostProcessorChecker] - Bean 'roleServiceImpl' of type [class com.mall.permission.service.impl.RoleServiceImpl] is not eligible for getting processed by all BeanPostProcessors (for example: not eligible for auto-proxying)
2018-01-17 11:47:39,216 [main] INFO  [org.apache.shiro.realm.AuthorizingRealm] - No cache or cacheManager properties have been set.  Authorization cache cannot be obtained.
2018-01-17 11:47:39,216 [main] INFO  [org.springframework.context.support.PostProcessorRegistrationDelegate$BeanPostProcessorChecker] - Bean 'sampleRealm' of type [class com.mall.core.shiro.token.SampleRealm] is not eligible for getting processed by all BeanPostProcessors (for example: not eligible for auto-proxying)
2018-01-17 11:47:39,250 [main] INFO  [org.springframework.context.support.PostProcessorRegistrationDelegate$BeanPostProcessorChecker] - Bean 'customSessionListener' of type [class com.mall.core.shiro.listenter.CustomSessionListener] is not eligible for getting processed by all BeanPostProcessors (for example: not eligible for auto-proxying)
2018-01-17 11:47:39,267 [main] INFO  [org.springframework.context.support.PostProcessorRegistrationDelegate$BeanPostProcessorChecker] - Bean 'sessionValidationScheduler' of type [class org.apache.shiro.session.mgt.ExecutorServiceSessionValidationScheduler] is not eligible for getting processed by all BeanPostProcessors (for example: not eligible for auto-proxying)
2018-01-17 11:47:39,278 [main] INFO  [org.springframework.context.support.PostProcessorRegistrationDelegate$BeanPostProcessorChecker] - Bean 'sessionIdCookie' of type [class org.apache.shiro.web.servlet.SimpleCookie] is not eligible for getting processed by all BeanPostProcessors (for example: not eligible for auto-proxying)
2018-01-17 11:47:39,286 [main] INFO  [org.springframework.context.support.PostProcessorRegistrationDelegate$BeanPostProcessorChecker] - Bean 'sessionManager' of type [class org.apache.shiro.web.session.mgt.DefaultWebSessionManager] is not eligible for getting processed by all BeanPostProcessors (for example: not eligible for auto-proxying)
2018-01-17 11:47:39,393 [main] INFO  [org.springframework.context.support.PostProcessorRegistrationDelegate$BeanPostProcessorChecker] - Bean 'rememberMeCookie' of type [class org.apache.shiro.web.servlet.SimpleCookie] is not eligible for getting processed by all BeanPostProcessors (for example: not eligible for auto-proxying)
2018-01-17 11:47:39,395 [main] INFO  [org.springframework.context.support.PostProcessorRegistrationDelegate$BeanPostProcessorChecker] - Bean 'rememberMeManager' of type [class org.apache.shiro.web.mgt.CookieRememberMeManager] is not eligible for getting processed by all BeanPostProcessors (for example: not eligible for auto-proxying)
2018-01-17 11:47:39,413 [main] INFO  [org.springframework.context.support.PostProcessorRegistrationDelegate$BeanPostProcessorChecker] - Bean 'jedisShiroCacheManager' of type [class com.mall.core.shiro.cache.impl.JedisShiroCacheManager] is not eligible for getting processed by all BeanPostProcessors (for example: not eligible for auto-proxying)
2018-01-17 11:47:39,416 [main] INFO  [org.springframework.context.support.PostProcessorRegistrationDelegate$BeanPostProcessorChecker] - Bean 'customShiroCacheManager' of type [class com.mall.core.shiro.cache.impl.CustomShiroCacheManager] is not eligible for getting processed by all BeanPostProcessors (for example: not eligible for auto-proxying)
2018-01-17 11:47:39,427 [main] INFO  [org.springframework.context.support.PostProcessorRegistrationDelegate$BeanPostProcessorChecker] - Bean 'securityManager' of type [class org.apache.shiro.web.mgt.DefaultWebSecurityManager] is not eligible for getting processed by all BeanPostProcessors (for example: not eligible for auto-proxying)
2018-01-17 11:47:39,440 [main] INFO  [org.springframework.context.support.PostProcessorRegistrationDelegate$BeanPostProcessorChecker] - Bean 'shiroManager' of type [class com.mall.core.shiro.service.impl.ShiroManagerImpl] is not eligible for getting processed by all BeanPostProcessors (for example: not eligible for auto-proxying)
2018-01-17 11:47:39,522 [main] INFO  [org.springframework.context.support.PostProcessorRegistrationDelegate$BeanPostProcessorChecker] - Bean 'login' of type [class com.mall.core.shiro.filter.LoginFilter] is not eligible for getting processed by all BeanPostProcessors (for example: not eligible for auto-proxying)
2018-01-17 11:47:39,539 [main] INFO  [org.springframework.context.support.PostProcessorRegistrationDelegate$BeanPostProcessorChecker] - Bean 'role' of type [class com.mall.core.shiro.filter.RoleFilter] is not eligible for getting processed by all BeanPostProcessors (for example: not eligible for auto-proxying)
2018-01-17 11:47:39,546 [main] INFO  [org.springframework.context.support.PostProcessorRegistrationDelegate$BeanPostProcessorChecker] - Bean 'simple' of type [class com.mall.core.shiro.filter.SimpleAuthFilter] is not eligible for getting processed by all BeanPostProcessors (for example: not eligible for auto-proxying)
2018-01-17 11:47:39,552 [main] INFO  [org.springframework.context.support.PostProcessorRegistrationDelegate$BeanPostProcessorChecker] - Bean 'permission' of type [class com.mall.core.shiro.filter.PermissionFilter] is not eligible for getting processed by all BeanPostProcessors (for example: not eligible for auto-proxying)
2018-01-17 11:47:39,578 [main] INFO  [org.springframework.context.support.PostProcessorRegistrationDelegate$BeanPostProcessorChecker] - Bean 'kickoutSessionFilter' of type [class com.mall.core.shiro.filter.KickoutSessionFilter] is not eligible for getting processed by all BeanPostProcessors (for example: not eligible for auto-proxying)
2018-01-17 11:47:39,581 [main] INFO  [org.springframework.context.support.PostProcessorRegistrationDelegate$BeanPostProcessorChecker] - Bean 'util:map#195b0c83' of type [class org.springframework.beans.factory.config.MapFactoryBean] is not eligible for getting processed by all BeanPostProcessors (for example: not eligible for auto-proxying)
2018-01-17 11:47:39,588 [main] INFO  [org.springframework.context.support.PostProcessorRegistrationDelegate$BeanPostProcessorChecker] - Bean 'util:map#195b0c83' of type [class java.util.LinkedHashMap] is not eligible for getting processed by all BeanPostProcessors (for example: not eligible for auto-proxying)
2018-01-17 11:47:40,061 [main] DEBUG [java.sql.Connection] - ooo Using Connection [com.alibaba.druid.proxy.jdbc.ConnectionProxyImpl@402c5b10]
2018-01-17 11:47:40,068 [main] DEBUG [java.sql.Connection] - ==>  Preparing: select id, url, name,type,pid,isHiden ,? as userId from sys_permission where isHiden=1 and id in (select id from sys_permission where pid=0 and isHiden=1 and type=0 ) 
2018-01-17 11:47:40,151 [main] DEBUG [java.sql.PreparedStatement] - ==> Parameters: 11(Long)
2018-01-17 11:47:40,219 [main] DEBUG [java.sql.Connection] - ooo Using Connection [com.alibaba.druid.proxy.jdbc.ConnectionProxyImpl@402c5b10]
2018-01-17 11:47:40,219 [main] DEBUG [java.sql.Connection] - ==>  Preparing: select id, url, name,type,pid,isHiden ,? as userId from sys_permission where isHiden=1 and pid=? and type in (0,1) and id in (SELECT DISTINCT(up.id)FROM (SELECT rid FROM sys_user_role WHERE uid=?) uur LEFT JOIN sys_role ur ON uur.rid = ur.id LEFT JOIN sys_role_permission urp ON urp.rid = ur.id LEFT JOIN sys_permission up ON up.id = urp.pid) 
2018-01-17 11:47:40,220 [main] DEBUG [java.sql.PreparedStatement] - ==> Parameters: 11(Long), 1(Long), 11(Long)
2018-01-17 11:47:40,247 [main] DEBUG [java.sql.PreparedStatement] - ==> Parameters: 11(Long), 4(Long), 11(Long)
2018-01-17 11:47:40,276 [main] DEBUG [java.sql.PreparedStatement] - ==> Parameters: 11(Long), 13(Long), 11(Long)
2018-01-17 11:47:40,301 [main] DEBUG [java.sql.PreparedStatement] - ==> Parameters: 11(Long), 18(Long), 11(Long)
2018-01-17 11:47:40,327 [main] DEBUG [java.sql.PreparedStatement] - ==> Parameters: 11(Long), 19(Long), 11(Long)
2018-01-17 11:47:40,353 [main] DEBUG [java.sql.PreparedStatement] - ==> Parameters: 11(Long), 20(Long), 11(Long)
2018-01-17 11:47:40,378 [main] DEBUG [java.sql.PreparedStatement] - ==> Parameters: 11(Long), 8(Long), 11(Long)
2018-01-17 11:47:40,408 [main] DEBUG [java.sql.PreparedStatement] - ==> Parameters: 11(Long), 9(Long), 11(Long)
2018-01-17 11:47:40,434 [main] DEBUG [java.sql.PreparedStatement] - ==> Parameters: 11(Long), 2(Long), 11(Long)
2018-01-17 11:47:40,733 [Thread-3] INFO  [org.springframework.context.support.GenericApplicationContext] - Closing org.springframework.context.support.GenericApplicationContext@222e2517: startup date [Wed Jan 17 11:47:34 CST 2018]; root of context hierarchy
2018-01-17 11:47:40,751 [Thread-3] INFO  [com.alibaba.druid.pool.DruidDataSource] - {dataSource-1} closed
2018-01-17 12:25:15,637 [main] INFO  [org.springframework.test.context.support.DefaultTestContextBootstrapper] - Loaded default TestExecutionListener class names from location [META-INF/spring.factories]: [org.springframework.test.context.web.ServletTestExecutionListener, org.springframework.test.context.support.DirtiesContextBeforeModesTestExecutionListener, org.springframework.test.context.support.DependencyInjectionTestExecutionListener, org.springframework.test.context.support.DirtiesContextTestExecutionListener, org.springframework.test.context.transaction.TransactionalTestExecutionListener, org.springframework.test.context.jdbc.SqlScriptsTestExecutionListener]
2018-01-17 12:25:15,692 [main] INFO  [org.springframework.test.context.support.DefaultTestContextBootstrapper] - Using TestExecutionListeners: [org.springframework.test.context.web.ServletTestExecutionListener@531cfec, org.springframework.test.context.support.DirtiesContextBeforeModesTestExecutionListener@949919e, org.springframework.test.context.support.DependencyInjectionTestExecutionListener@3cf720d5, org.springframework.test.context.support.DirtiesContextTestExecutionListener@48c9f38, org.springframework.test.context.transaction.TransactionalTestExecutionListener@2c2917dd, org.springframework.test.context.jdbc.SqlScriptsTestExecutionListener@3dddc4d1]
2018-01-17 12:25:15,927 [main] INFO  [org.springframework.beans.factory.xml.XmlBeanDefinitionReader] - Loading XML bean definitions from class path resource [spring.xml]
2018-01-17 12:25:16,216 [main] INFO  [org.springframework.beans.factory.xml.XmlBeanDefinitionReader] - Loading XML bean definitions from class path resource [spring-mybatis.xml]
2018-01-17 12:25:16,608 [main] INFO  [org.springframework.beans.factory.xml.XmlBeanDefinitionReader] - Loading XML bean definitions from class path resource [spring-shiro.xml]
2018-01-17 12:25:16,689 [main] INFO  [org.springframework.beans.factory.xml.XmlBeanDefinitionReader] - Loading XML bean definitions from class path resource [spring-cache.xml]
2018-01-17 12:25:16,735 [main] INFO  [org.springframework.context.support.GenericApplicationContext] - Refreshing org.springframework.context.support.GenericApplicationContext@475eb4d0: startup date [Wed Jan 17 12:25:16 CST 2018]; root of context hierarchy
2018-01-17 12:25:17,526 [main] INFO  [org.springframework.beans.factory.config.PropertyPlaceholderConfigurer] - Loading properties file from class path resource [jdbc.properties]
2018-01-17 12:25:17,527 [main] INFO  [org.springframework.beans.factory.config.PropertyPlaceholderConfigurer] - Loading properties file from class path resource [config.properties]
2018-01-17 12:25:17,528 [main] INFO  [org.springframework.beans.factory.config.PropertyPlaceholderConfigurer] - Loading properties file from class path resource [shiro-config.properties]
2018-01-17 12:25:17,580 [main] INFO  [org.springframework.beans.factory.annotation.AutowiredAnnotationBeanPostProcessor] - JSR-330 'javax.inject.Inject' annotation found and supported for autowiring
2018-01-17 12:25:17,729 [main] INFO  [org.springframework.context.support.PostProcessorRegistrationDelegate$BeanPostProcessorChecker] - Bean 'org.springframework.aop.support.DefaultBeanFactoryPointcutAdvisor#0' of type [class org.springframework.aop.support.DefaultBeanFactoryPointcutAdvisor] is not eligible for getting processed by all BeanPostProcessors (for example: not eligible for auto-proxying)
2018-01-17 12:25:18,597 [main] INFO  [org.springframework.context.support.PostProcessorRegistrationDelegate$BeanPostProcessorChecker] - Bean 'org.springframework.beans.factory.config.MethodInvokingFactoryBean#0' of type [class org.springframework.beans.factory.config.MethodInvokingFactoryBean] is not eligible for getting processed by all BeanPostProcessors (for example: not eligible for auto-proxying)
2018-01-17 12:25:18,679 [main] INFO  [org.springframework.context.support.PostProcessorRegistrationDelegate$BeanPostProcessorChecker] - Bean 'jedisPoolConfig' of type [class redis.clients.jedis.JedisPoolConfig] is not eligible for getting processed by all BeanPostProcessors (for example: not eligible for auto-proxying)
2018-01-17 12:25:18,964 [main] INFO  [org.springframework.context.support.PostProcessorRegistrationDelegate$BeanPostProcessorChecker] - Bean 'jedisPool' of type [class redis.clients.jedis.JedisPool] is not eligible for getting processed by all BeanPostProcessors (for example: not eligible for auto-proxying)
2018-01-17 12:25:18,973 [main] INFO  [org.springframework.context.support.PostProcessorRegistrationDelegate$BeanPostProcessorChecker] - Bean 'jedisManager' of type [class com.mall.core.shiro.cache.JedisManager] is not eligible for getting processed by all BeanPostProcessors (for example: not eligible for auto-proxying)
2018-01-17 12:25:18,976 [main] INFO  [org.springframework.context.support.PostProcessorRegistrationDelegate$BeanPostProcessorChecker] - Bean 'jedisShiroSessionRepository' of type [class com.mall.core.shiro.cache.JedisShiroSessionRepository] is not eligible for getting processed by all BeanPostProcessors (for example: not eligible for auto-proxying)
2018-01-17 12:25:18,984 [main] INFO  [org.springframework.context.support.PostProcessorRegistrationDelegate$BeanPostProcessorChecker] - Bean 'org.springframework.beans.factory.config.MethodInvokingFactoryBean#1' of type [class org.springframework.beans.factory.config.MethodInvokingFactoryBean] is not eligible for getting processed by all BeanPostProcessors (for example: not eligible for auto-proxying)
2018-01-17 12:25:19,270 [main] INFO  [org.springframework.context.support.PostProcessorRegistrationDelegate$BeanPostProcessorChecker] - Bean 'log-filter' of type [class com.alibaba.druid.filter.logging.Log4jFilter] is not eligible for getting processed by all BeanPostProcessors (for example: not eligible for auto-proxying)
2018-01-17 12:25:20,959 [main] INFO  [com.alibaba.druid.pool.DruidDataSource] - {dataSource-1} inited
2018-01-17 12:25:20,960 [main] INFO  [org.springframework.context.support.PostProcessorRegistrationDelegate$BeanPostProcessorChecker] - Bean 'dataSource' of type [class com.alibaba.druid.pool.DruidDataSource] is not eligible for getting processed by all BeanPostProcessors (for example: not eligible for auto-proxying)
2018-01-17 12:25:21,628 [main] INFO  [org.springframework.context.support.PostProcessorRegistrationDelegate$BeanPostProcessorChecker] - Bean 'sqlSessionFactory' of type [class org.mybatis.spring.SqlSessionFactoryBean] is not eligible for getting processed by all BeanPostProcessors (for example: not eligible for auto-proxying)
2018-01-17 12:25:21,634 [main] INFO  [org.springframework.context.support.PostProcessorRegistrationDelegate$BeanPostProcessorChecker] - Bean 'sqlSessionFactory' of type [class org.apache.ibatis.session.defaults.DefaultSqlSessionFactory] is not eligible for getting processed by all BeanPostProcessors (for example: not eligible for auto-proxying)
2018-01-17 12:25:21,658 [main] INFO  [org.springframework.context.support.PostProcessorRegistrationDelegate$BeanPostProcessorChecker] - Bean 'sqlSessionTemplate' of type [class org.mybatis.spring.SqlSessionTemplate] is not eligible for getting processed by all BeanPostProcessors (for example: not eligible for auto-proxying)
2018-01-17 12:25:21,667 [main] INFO  [org.springframework.context.support.PostProcessorRegistrationDelegate$BeanPostProcessorChecker] - Bean 'UUserRoleMapper' of type [class org.mybatis.spring.mapper.MapperFactoryBean] is not eligible for getting processed by all BeanPostProcessors (for example: not eligible for auto-proxying)
2018-01-17 12:25:21,668 [main] INFO  [org.springframework.context.support.PostProcessorRegistrationDelegate$BeanPostProcessorChecker] - Bean 'UUserMapper' of type [class org.mybatis.spring.mapper.MapperFactoryBean] is not eligible for getting processed by all BeanPostProcessors (for example: not eligible for auto-proxying)
2018-01-17 12:25:21,669 [main] INFO  [org.springframework.context.support.PostProcessorRegistrationDelegate$BeanPostProcessorChecker] - Bean 'URolePermissionMapper' of type [class org.mybatis.spring.mapper.MapperFactoryBean] is not eligible for getting processed by all BeanPostProcessors (for example: not eligible for auto-proxying)
2018-01-17 12:25:21,670 [main] INFO  [org.springframework.context.support.PostProcessorRegistrationDelegate$BeanPostProcessorChecker] - Bean 'URoleMapper' of type [class org.mybatis.spring.mapper.MapperFactoryBean] is not eligible for getting processed by all BeanPostProcessors (for example: not eligible for auto-proxying)
2018-01-17 12:25:21,671 [main] INFO  [org.springframework.context.support.PostProcessorRegistrationDelegate$BeanPostProcessorChecker] - Bean 'UPermissionMapper' of type [class org.mybatis.spring.mapper.MapperFactoryBean] is not eligible for getting processed by all BeanPostProcessors (for example: not eligible for auto-proxying)
2018-01-17 12:25:21,711 [main] INFO  [org.springframework.context.support.PostProcessorRegistrationDelegate$BeanPostProcessorChecker] - Bean 'sessionIdGenerator' of type [class org.apache.shiro.session.mgt.eis.JavaUuidSessionIdGenerator] is not eligible for getting processed by all BeanPostProcessors (for example: not eligible for auto-proxying)
2018-01-17 12:25:21,713 [main] INFO  [org.springframework.context.support.PostProcessorRegistrationDelegate$BeanPostProcessorChecker] - Bean 'customShiroSessionDAO' of type [class com.mall.core.shiro.CustomShiroSessionDAO] is not eligible for getting processed by all BeanPostProcessors (for example: not eligible for auto-proxying)
2018-01-17 12:25:21,716 [main] INFO  [org.springframework.context.support.PostProcessorRegistrationDelegate$BeanPostProcessorChecker] - Bean 'customSessionManager' of type [class com.mall.core.shiro.session.CustomSessionManager] is not eligible for getting processed by all BeanPostProcessors (for example: not eligible for auto-proxying)
2018-01-17 12:25:21,726 [main] INFO  [org.springframework.context.support.PostProcessorRegistrationDelegate$BeanPostProcessorChecker] - Bean 'UUserMapper' of type [class com.sun.proxy.$Proxy17] is not eligible for getting processed by all BeanPostProcessors (for example: not eligible for auto-proxying)
2018-01-17 12:25:21,740 [main] INFO  [org.springframework.context.support.PostProcessorRegistrationDelegate$BeanPostProcessorChecker] - Bean 'UUserRoleMapper' of type [class com.sun.proxy.$Proxy18] is not eligible for getting processed by all BeanPostProcessors (for example: not eligible for auto-proxying)
2018-01-17 12:25:21,743 [main] INFO  [org.springframework.context.support.PostProcessorRegistrationDelegate$BeanPostProcessorChecker] - Bean 'UUserServiceImpl' of type [class com.mall.user.service.impl.UUserServiceImpl] is not eligible for getting processed by all BeanPostProcessors (for example: not eligible for auto-proxying)
2018-01-17 12:25:21,767 [main] INFO  [org.springframework.context.support.PostProcessorRegistrationDelegate$BeanPostProcessorChecker] - Bean 'transactionManager' of type [class org.springframework.jdbc.datasource.DataSourceTransactionManager] is not eligible for getting processed by all BeanPostProcessors (for example: not eligible for auto-proxying)
2018-01-17 12:25:21,777 [main] INFO  [org.springframework.context.support.PostProcessorRegistrationDelegate$BeanPostProcessorChecker] - Bean '(inner bean)#476cc9e5' of type [class org.springframework.transaction.interceptor.NameMatchTransactionAttributeSource] is not eligible for getting processed by all BeanPostProcessors (for example: not eligible for auto-proxying)
2018-01-17 12:25:21,781 [main] INFO  [org.springframework.context.support.PostProcessorRegistrationDelegate$BeanPostProcessorChecker] - Bean 'txAdvice' of type [class org.springframework.transaction.interceptor.TransactionInterceptor] is not eligible for getting processed by all BeanPostProcessors (for example: not eligible for auto-proxying)
2018-01-17 12:25:21,829 [main] INFO  [org.springframework.context.support.PostProcessorRegistrationDelegate$BeanPostProcessorChecker] - Bean 'UPermissionMapper' of type [class com.sun.proxy.$Proxy21] is not eligible for getting processed by all BeanPostProcessors (for example: not eligible for auto-proxying)
2018-01-17 12:25:21,849 [main] INFO  [org.springframework.context.support.PostProcessorRegistrationDelegate$BeanPostProcessorChecker] - Bean 'URolePermissionMapper' of type [class com.sun.proxy.$Proxy22] is not eligible for getting processed by all BeanPostProcessors (for example: not eligible for auto-proxying)
2018-01-17 12:25:21,857 [main] INFO  [org.springframework.context.support.PostProcessorRegistrationDelegate$BeanPostProcessorChecker] - Bean 'permissionServiceImpl' of type [class com.mall.permission.service.impl.PermissionServiceImpl] is not eligible for getting processed by all BeanPostProcessors (for example: not eligible for auto-proxying)
2018-01-17 12:25:21,889 [main] INFO  [org.springframework.context.support.PostProcessorRegistrationDelegate$BeanPostProcessorChecker] - Bean 'URoleMapper' of type [class com.sun.proxy.$Proxy24] is not eligible for getting processed by all BeanPostProcessors (for example: not eligible for auto-proxying)
2018-01-17 12:25:21,897 [main] INFO  [org.springframework.context.support.PostProcessorRegistrationDelegate$BeanPostProcessorChecker] - Bean 'roleServiceImpl' of type [class com.mall.permission.service.impl.RoleServiceImpl] is not eligible for getting processed by all BeanPostProcessors (for example: not eligible for auto-proxying)
2018-01-17 12:25:21,904 [main] INFO  [org.apache.shiro.realm.AuthorizingRealm] - No cache or cacheManager properties have been set.  Authorization cache cannot be obtained.
2018-01-17 12:25:21,905 [main] INFO  [org.springframework.context.support.PostProcessorRegistrationDelegate$BeanPostProcessorChecker] - Bean 'sampleRealm' of type [class com.mall.core.shiro.token.SampleRealm] is not eligible for getting processed by all BeanPostProcessors (for example: not eligible for auto-proxying)
2018-01-17 12:25:21,986 [main] INFO  [org.springframework.context.support.PostProcessorRegistrationDelegate$BeanPostProcessorChecker] - Bean 'customSessionListener' of type [class com.mall.core.shiro.listenter.CustomSessionListener] is not eligible for getting processed by all BeanPostProcessors (for example: not eligible for auto-proxying)
2018-01-17 12:25:22,004 [main] INFO  [org.springframework.context.support.PostProcessorRegistrationDelegate$BeanPostProcessorChecker] - Bean 'sessionValidationScheduler' of type [class org.apache.shiro.session.mgt.ExecutorServiceSessionValidationScheduler] is not eligible for getting processed by all BeanPostProcessors (for example: not eligible for auto-proxying)
2018-01-17 12:25:22,024 [main] INFO  [org.springframework.context.support.PostProcessorRegistrationDelegate$BeanPostProcessorChecker] - Bean 'sessionIdCookie' of type [class org.apache.shiro.web.servlet.SimpleCookie] is not eligible for getting processed by all BeanPostProcessors (for example: not eligible for auto-proxying)
2018-01-17 12:25:22,032 [main] INFO  [org.springframework.context.support.PostProcessorRegistrationDelegate$BeanPostProcessorChecker] - Bean 'sessionManager' of type [class org.apache.shiro.web.session.mgt.DefaultWebSessionManager] is not eligible for getting processed by all BeanPostProcessors (for example: not eligible for auto-proxying)
2018-01-17 12:25:22,172 [main] INFO  [org.springframework.context.support.PostProcessorRegistrationDelegate$BeanPostProcessorChecker] - Bean 'rememberMeCookie' of type [class org.apache.shiro.web.servlet.SimpleCookie] is not eligible for getting processed by all BeanPostProcessors (for example: not eligible for auto-proxying)
2018-01-17 12:25:22,174 [main] INFO  [org.springframework.context.support.PostProcessorRegistrationDelegate$BeanPostProcessorChecker] - Bean 'rememberMeManager' of type [class org.apache.shiro.web.mgt.CookieRememberMeManager] is not eligible for getting processed by all BeanPostProcessors (for example: not eligible for auto-proxying)
2018-01-17 12:25:22,191 [main] INFO  [org.springframework.context.support.PostProcessorRegistrationDelegate$BeanPostProcessorChecker] - Bean 'jedisShiroCacheManager' of type [class com.mall.core.shiro.cache.impl.JedisShiroCacheManager] is not eligible for getting processed by all BeanPostProcessors (for example: not eligible for auto-proxying)
2018-01-17 12:25:22,192 [main] INFO  [org.springframework.context.support.PostProcessorRegistrationDelegate$BeanPostProcessorChecker] - Bean 'customShiroCacheManager' of type [class com.mall.core.shiro.cache.impl.CustomShiroCacheManager] is not eligible for getting processed by all BeanPostProcessors (for example: not eligible for auto-proxying)
2018-01-17 12:25:22,196 [main] INFO  [org.springframework.context.support.PostProcessorRegistrationDelegate$BeanPostProcessorChecker] - Bean 'securityManager' of type [class org.apache.shiro.web.mgt.DefaultWebSecurityManager] is not eligible for getting processed by all BeanPostProcessors (for example: not eligible for auto-proxying)
2018-01-17 12:25:22,207 [main] INFO  [org.springframework.context.support.PostProcessorRegistrationDelegate$BeanPostProcessorChecker] - Bean 'shiroManager' of type [class com.mall.core.shiro.service.impl.ShiroManagerImpl] is not eligible for getting processed by all BeanPostProcessors (for example: not eligible for auto-proxying)
2018-01-17 12:25:22,261 [main] INFO  [org.springframework.context.support.PostProcessorRegistrationDelegate$BeanPostProcessorChecker] - Bean 'login' of type [class com.mall.core.shiro.filter.LoginFilter] is not eligible for getting processed by all BeanPostProcessors (for example: not eligible for auto-proxying)
2018-01-17 12:25:22,276 [main] INFO  [org.springframework.context.support.PostProcessorRegistrationDelegate$BeanPostProcessorChecker] - Bean 'role' of type [class com.mall.core.shiro.filter.RoleFilter] is not eligible for getting processed by all BeanPostProcessors (for example: not eligible for auto-proxying)
2018-01-17 12:25:22,284 [main] INFO  [org.springframework.context.support.PostProcessorRegistrationDelegate$BeanPostProcessorChecker] - Bean 'simple' of type [class com.mall.core.shiro.filter.SimpleAuthFilter] is not eligible for getting processed by all BeanPostProcessors (for example: not eligible for auto-proxying)
2018-01-17 12:25:22,292 [main] INFO  [org.springframework.context.support.PostProcessorRegistrationDelegate$BeanPostProcessorChecker] - Bean 'permission' of type [class com.mall.core.shiro.filter.PermissionFilter] is not eligible for getting processed by all BeanPostProcessors (for example: not eligible for auto-proxying)
2018-01-17 12:25:22,306 [main] INFO  [org.springframework.context.support.PostProcessorRegistrationDelegate$BeanPostProcessorChecker] - Bean 'kickoutSessionFilter' of type [class com.mall.core.shiro.filter.KickoutSessionFilter] is not eligible for getting processed by all BeanPostProcessors (for example: not eligible for auto-proxying)
2018-01-17 12:25:22,310 [main] INFO  [org.springframework.context.support.PostProcessorRegistrationDelegate$BeanPostProcessorChecker] - Bean 'util:map#32d8c8a9' of type [class org.springframework.beans.factory.config.MapFactoryBean] is not eligible for getting processed by all BeanPostProcessors (for example: not eligible for auto-proxying)
2018-01-17 12:25:22,317 [main] INFO  [org.springframework.context.support.PostProcessorRegistrationDelegate$BeanPostProcessorChecker] - Bean 'util:map#32d8c8a9' of type [class java.util.LinkedHashMap] is not eligible for getting processed by all BeanPostProcessors (for example: not eligible for auto-proxying)
2018-01-17 12:25:22,832 [main] DEBUG [java.sql.Connection] - ooo Using Connection [com.alibaba.druid.proxy.jdbc.ConnectionProxyImpl@52c6a76d]
2018-01-17 12:25:22,839 [main] DEBUG [java.sql.Connection] - ==>  Preparing: select id, url, name,type,pid,isHiden ,? as userId from sys_permission where isHiden=1 and id in (select id from sys_permission where pid=0 and isHiden=1 and type=0 ) 
2018-01-17 12:25:22,935 [main] DEBUG [java.sql.PreparedStatement] - ==> Parameters: 11(Long)
2018-01-17 12:25:23,003 [main] DEBUG [java.sql.Connection] - ooo Using Connection [com.alibaba.druid.proxy.jdbc.ConnectionProxyImpl@52c6a76d]
2018-01-17 12:25:23,004 [main] DEBUG [java.sql.Connection] - ==>  Preparing: select id, url, name,type,pid,isHiden ,? as userId from sys_permission where isHiden=1 and pid=? and type in (0,1) and id in (SELECT DISTINCT(up.id)FROM (SELECT rid FROM sys_user_role WHERE uid=?) uur LEFT JOIN sys_role ur ON uur.rid = ur.id LEFT JOIN sys_role_permission urp ON urp.rid = ur.id LEFT JOIN sys_permission up ON up.id = urp.pid) 
2018-01-17 12:25:23,005 [main] DEBUG [java.sql.PreparedStatement] - ==> Parameters: 11(Long), 1(Long), 11(Long)
2018-01-17 12:25:23,031 [main] DEBUG [java.sql.PreparedStatement] - ==> Parameters: 11(Long), 4(Long), 11(Long)
2018-01-17 12:25:23,057 [main] DEBUG [java.sql.PreparedStatement] - ==> Parameters: 11(Long), 13(Long), 11(Long)
2018-01-17 12:25:23,081 [main] DEBUG [java.sql.PreparedStatement] - ==> Parameters: 11(Long), 18(Long), 11(Long)
2018-01-17 12:25:23,108 [main] DEBUG [java.sql.PreparedStatement] - ==> Parameters: 11(Long), 19(Long), 11(Long)
2018-01-17 12:25:23,133 [main] DEBUG [java.sql.PreparedStatement] - ==> Parameters: 11(Long), 20(Long), 11(Long)
2018-01-17 12:25:23,159 [main] DEBUG [java.sql.PreparedStatement] - ==> Parameters: 11(Long), 8(Long), 11(Long)
2018-01-17 12:25:23,188 [main] DEBUG [java.sql.PreparedStatement] - ==> Parameters: 11(Long), 9(Long), 11(Long)
2018-01-17 12:25:23,212 [main] DEBUG [java.sql.PreparedStatement] - ==> Parameters: 11(Long), 2(Long), 11(Long)
2018-01-17 12:27:08,472 [Thread-3] INFO  [org.springframework.context.support.GenericApplicationContext] - Closing org.springframework.context.support.GenericApplicationContext@475eb4d0: startup date [Wed Jan 17 12:25:16 CST 2018]; root of context hierarchy
2018-01-17 12:27:08,489 [Thread-3] INFO  [com.alibaba.druid.pool.DruidDataSource] - {dataSource-1} closed
